<?xml version="1.0" encoding="UTF-8"?>
<!-- Generated by org.testng.reporters.JUnitReportReporter -->
<testsuite skipped="0" hostname="INTEL" name="testcases.TestA" tests="1" failures="0" timestamp="11 Feb 2018 09:47:19 GMT" time="18.475" errors="0">
  <testcase name="doLogin" time="18.475" classname="testcases.TestA"/>
</testsuite> <!-- testcases.TestA -->
